#
# There is insufficient memory for the Java Runtime Environment to continue.
# Native memory allocation (malloc) failed to allocate 65552 bytes for Chunk::new
# Possible reasons:
#   The system is out of physical RAM or swap space
#   The process is running with CompressedOops enabled, and the Java Heap may be blocking the growth of the native heap
# Possible solutions:
#   Reduce memory load on the system
#   Increase physical memory or swap space
#   Check if swap backing store is full
#   Decrease Java heap size (-Xmx/-Xms)
#   Decrease number of Java threads
#   Decrease Java thread stack sizes (-Xss)
#   Set larger code cache with -XX:ReservedCodeCacheSize=
#   JVM is running with Zero Based Compressed Oops mode in which the Java heap is
#     placed in the first 32GB address space. The Java Heap base address is the
#     maximum limit for the native heap growth. Please use -XX:HeapBaseMinAddress
#     to set the Java Heap base and to place the Java Heap above 32GB virtual address.
# This output file may be truncated or incomplete.
#
#  Out of Memory Error (arena.cpp:191), pid=14152, tid=20420
#
# JRE version: OpenJDK Runtime Environment Corretto-17.0.9.8.1 (17.0.9+8) (build 17.0.9+8-LTS)
# Java VM: OpenJDK 64-Bit Server VM Corretto-17.0.9.8.1 (17.0.9+8-LTS, mixed mode, sharing, tiered, compressed oops, compressed class ptrs, g1 gc, windows-amd64)
# No core dump will be written. Minidumps are not enabled by default on client versions of Windows
#

---------------  S U M M A R Y ------------

Command Line: -javaagent:C:\Program Files\JetBrains\IntelliJ IDEA Educational Edition 2022.2.2\lib\idea_rt.jar=11576:C:\Program Files\JetBrains\IntelliJ IDEA Educational Edition 2022.2.2\bin -Dfile.encoding=UTF-8 hello.hellospring.HelloSpringApplication

Host: Intel(R) Core(TM) i7-6700 CPU @ 3.40GHz, 8 cores, 15G,  Windows 11 , 64 bit Build 22000 (10.0.22000.2538)
Time: Thu Feb  1 16:17:54 2024  Windows 11 , 64 bit Build 22000 (10.0.22000.2538) elapsed time: 1.004965 seconds (0d 0h 0m 1s)

---------------  T H R E A D  ---------------

Current thread (0x000001be2c32d5d0):  JavaThread "C2 CompilerThread0" daemon [_thread_in_native, id=20420, stack(0x000000a471500000,0x000000a471600000)]


Current CompileTask:
C2:   1005 1462   !   4       java.net.URL::<init> (543 bytes)

Stack: [0x000000a471500000,0x000000a471600000]
Native frames: (J=compiled Java code, j=interpreted, Vv=VM code, C=native code)
V  [jvm.dll+0x67cb49]
V  [jvm.dll+0x8344da]
V  [jvm.dll+0x835f9e]
V  [jvm.dll+0x836603]
V  [jvm.dll+0x247b5f]
V  [jvm.dll+0xac43c]
V  [jvm.dll+0xaca8c]
V  [jvm.dll+0x6a1dd2]
V  [jvm.dll+0x6a2213]
V  [jvm.dll+0x6a3eb2]
V  [jvm.dll+0x6a27da]
V  [jvm.dll+0x21b1c0]
V  [jvm.dll+0x219511]
V  [jvm.dll+0x1a56cd]
V  [jvm.dll+0x2293ee]
V  [jvm.dll+0x2275bc]
V  [jvm.dll+0x7e95a7]
V  [jvm.dll+0x7e396a]
V  [jvm.dll+0x67ba35]
C  [ucrtbase.dll+0x26c0c]
C  [KERNEL32.DLL+0x153e0]
C  [ntdll.dll+0x485b]


---------------  P R O C E S S  ---------------

Threads class SMR info:
_java_thread_list=0x000001be721106f0, length=15, elements={
0x000001be092158f0, 0x000001be2c255e50, 0x000001be2c257270, 0x000001be2c324090,
0x000001be2c325970, 0x000001be2c326ad0, 0x000001be2c32c140, 0x000001be2c32d5d0,
0x000001be2c32e820, 0x000001be2c3444f0, 0x000001be2c241ef0, 0x000001be2c464050,
0x000001be2c71e460, 0x000001be2c798020, 0x000001be2cdd76f0
}

Java Threads: ( => current thread )
  0x000001be092158f0 JavaThread "main" [_thread_in_vm, id=16104, stack(0x000000a470800000,0x000000a470900000)]
  0x000001be2c255e50 JavaThread "Reference Handler" daemon [_thread_blocked, id=22756, stack(0x000000a470f00000,0x000000a471000000)]
  0x000001be2c257270 JavaThread "Finalizer" daemon [_thread_blocked, id=5536, stack(0x000000a471000000,0x000000a471100000)]
  0x000001be2c324090 JavaThread "Signal Dispatcher" daemon [_thread_blocked, id=14872, stack(0x000000a471100000,0x000000a471200000)]
  0x000001be2c325970 JavaThread "Attach Listener" daemon [_thread_blocked, id=16856, stack(0x000000a471200000,0x000000a471300000)]
  0x000001be2c326ad0 JavaThread "Service Thread" daemon [_thread_blocked, id=27112, stack(0x000000a471300000,0x000000a471400000)]
  0x000001be2c32c140 JavaThread "Monitor Deflation Thread" daemon [_thread_blocked, id=14924, stack(0x000000a471400000,0x000000a471500000)]
=>0x000001be2c32d5d0 JavaThread "C2 CompilerThread0" daemon [_thread_in_native, id=20420, stack(0x000000a471500000,0x000000a471600000)]
  0x000001be2c32e820 JavaThread "C1 CompilerThread0" daemon [_thread_blocked, id=14512, stack(0x000000a471600000,0x000000a471700000)]
  0x000001be2c3444f0 JavaThread "Sweeper thread" daemon [_thread_blocked, id=10384, stack(0x000000a471700000,0x000000a471800000)]
  0x000001be2c241ef0 JavaThread "Common-Cleaner" daemon [_thread_blocked, id=18708, stack(0x000000a471800000,0x000000a471900000)]
  0x000001be2c464050 JavaThread "C2 CompilerThread1" daemon [_thread_in_native, id=14480, stack(0x000000a471900000,0x000000a471a00000)]
  0x000001be2c71e460 JavaThread "Monitor Ctrl-Break" daemon [_thread_in_native, id=2524, stack(0x000000a471a00000,0x000000a471b00000)]
  0x000001be2c798020 JavaThread "Notification Thread" daemon [_thread_blocked, id=25756, stack(0x000000a471b00000,0x000000a471c00000)]
  0x000001be2cdd76f0 JavaThread "background-preinit" [_thread_in_vm, id=9196, stack(0x000000a472200000,0x000000a472300000)]

Other Threads:
  0x000001be2c24fb90 VMThread "VM Thread" [stack: 0x000000a470e00000,0x000000a470f00000] [id=12384]
  0x000001be2c5ca590 WatcherThread [stack: 0x000000a471c00000,0x000000a471d00000] [id=14044]
  0x000001be09283830 GCTaskThread "GC Thread#0" [stack: 0x000000a470900000,0x000000a470a00000] [id=22732]
  0x000001be2cd01780 GCTaskThread "GC Thread#1" [stack: 0x000000a471d00000,0x000000a471e00000] [id=15608]
  0x000001be2cd01a40 GCTaskThread "GC Thread#2" [stack: 0x000000a471e00000,0x000000a471f00000] [id=24052]
  0x000001be2cd01d00 GCTaskThread "GC Thread#3" [stack: 0x000000a471f00000,0x000000a472000000] [id=27180]
  0x000001be2cd01fc0 GCTaskThread "GC Thread#4" [stack: 0x000000a472000000,0x000000a472100000] [id=15736]
  0x000001be2cd02280 GCTaskThread "GC Thread#5" [stack: 0x000000a472100000,0x000000a472200000] [id=25124]
  0x000001be09294590 ConcurrentGCThread "G1 Main Marker" [stack: 0x000000a470a00000,0x000000a470b00000] [id=15572]
  0x000001be09295650 ConcurrentGCThread "G1 Conc#0" [stack: 0x000000a470b00000,0x000000a470c00000] [id=15336]
  0x000001be092ce5e0 ConcurrentGCThread "G1 Refine#0" [stack: 0x000000a470c00000,0x000000a470d00000] [id=25796]
  0x000001be2c10e140 ConcurrentGCThread "G1 Service" [stack: 0x000000a470d00000,0x000000a470e00000] [id=9716]

Threads with active compile tasks:
C2 CompilerThread0     1048 1462   !   4       java.net.URL::<init> (543 bytes)
C2 CompilerThread1     1048 1460       4       jdk.internal.loader.URLClassPath::getResource (74 bytes)

VM state: not at safepoint (normal execution)

VM Mutex/Monitor currently owned by a thread:  ([mutex/lock_event])
[0x000001be0920f330] Metaspace_lock - owner thread: 0x000001be2cdd76f0

Heap address: 0x0000000700e00000, size: 4082 MB, Compressed Oops mode: Zero based, Oop shift amount: 3

CDS archive(s) mapped at: [0x000001be2d000000-0x000001be2dba0000-0x000001be2dba0000), size 12189696, SharedBaseAddress: 0x000001be2d000000, ArchiveRelocationMode: 1.
Compressed class space mapped at: 0x000001be2e000000-0x000001be6e000000, reserved size: 1073741824
Narrow klass base: 0x000001be2d000000, Narrow klass shift: 0, Narrow klass range: 0x100000000

GC Precious Log:
 CPUs: 8 total, 8 available
 Memory: 16320M
 Large Page Support: Disabled
 NUMA Support: Disabled
 Compressed Oops: Enabled (Zero based)
 Heap Region Size: 2M
 Heap Min Capacity: 8M
 Heap Initial Capacity: 256M
 Heap Max Capacity: 4082M
 Pre-touch: Disabled
 Parallel Workers: 8
 Concurrent Workers: 2
 Concurrent Refinement Workers: 8
 Periodic GC: Disabled

Heap:
 garbage-first heap   total 262144K, used 16867K [0x0000000700e00000, 0x0000000800000000)
  region size 2048K, 9 young (18432K), 2 survivors (4096K)
 Metaspace       used 9296K, committed 9472K, reserved 1114112K
  class space    used 1133K, committed 1216K, reserved 1048576K

Heap Regions: E=young(eden), S=young(survivor), O=old, HS=humongous(starts), HC=humongous(continues), CS=collection set, F=free, OA=open archive, CA=closed archive, TAMS=top-at-mark-start (previous, next)
|   0|0x0000000700e00000, 0x0000000700e78e00, 0x0000000701000000| 23%| O|  |TAMS 0x0000000700e00000, 0x0000000700e00000| Untracked 
|   1|0x0000000701000000, 0x0000000701000000, 0x0000000701200000|  0%| F|  |TAMS 0x0000000701000000, 0x0000000701000000| Untracked 
|   2|0x0000000701200000, 0x0000000701200000, 0x0000000701400000|  0%| F|  |TAMS 0x0000000701200000, 0x0000000701200000| Untracked 
|   3|0x0000000701400000, 0x0000000701400000, 0x0000000701600000|  0%| F|  |TAMS 0x0000000701400000, 0x0000000701400000| Untracked 
|   4|0x0000000701600000, 0x0000000701600000, 0x0000000701800000|  0%| F|  |TAMS 0x0000000701600000, 0x0000000701600000| Untracked 
|   5|0x0000000701800000, 0x0000000701800000, 0x0000000701a00000|  0%| F|  |TAMS 0x0000000701800000, 0x0000000701800000| Untracked 
|   6|0x0000000701a00000, 0x0000000701a00000, 0x0000000701c00000|  0%| F|  |TAMS 0x0000000701a00000, 0x0000000701a00000| Untracked 
|   7|0x0000000701c00000, 0x0000000701c00000, 0x0000000701e00000|  0%| F|  |TAMS 0x0000000701c00000, 0x0000000701c00000| Untracked 
|   8|0x0000000701e00000, 0x0000000701e00000, 0x0000000702000000|  0%| F|  |TAMS 0x0000000701e00000, 0x0000000701e00000| Untracked 
|   9|0x0000000702000000, 0x0000000702000000, 0x0000000702200000|  0%| F|  |TAMS 0x0000000702000000, 0x0000000702000000| Untracked 
|  10|0x0000000702200000, 0x0000000702200000, 0x0000000702400000|  0%| F|  |TAMS 0x0000000702200000, 0x0000000702200000| Untracked 
|  11|0x0000000702400000, 0x0000000702400000, 0x0000000702600000|  0%| F|  |TAMS 0x0000000702400000, 0x0000000702400000| Untracked 
|  12|0x0000000702600000, 0x0000000702600000, 0x0000000702800000|  0%| F|  |TAMS 0x0000000702600000, 0x0000000702600000| Untracked 
|  13|0x0000000702800000, 0x0000000702800000, 0x0000000702a00000|  0%| F|  |TAMS 0x0000000702800000, 0x0000000702800000| Untracked 
|  14|0x0000000702a00000, 0x0000000702a00000, 0x0000000702c00000|  0%| F|  |TAMS 0x0000000702a00000, 0x0000000702a00000| Untracked 
|  15|0x0000000702c00000, 0x0000000702c00000, 0x0000000702e00000|  0%| F|  |TAMS 0x0000000702c00000, 0x0000000702c00000| Untracked 
|  16|0x0000000702e00000, 0x0000000702e00000, 0x0000000703000000|  0%| F|  |TAMS 0x0000000702e00000, 0x0000000702e00000| Untracked 
|  17|0x0000000703000000, 0x0000000703000000, 0x0000000703200000|  0%| F|  |TAMS 0x0000000703000000, 0x0000000703000000| Untracked 
|  18|0x0000000703200000, 0x0000000703200000, 0x0000000703400000|  0%| F|  |TAMS 0x0000000703200000, 0x0000000703200000| Untracked 
|  19|0x0000000703400000, 0x0000000703400000, 0x0000000703600000|  0%| F|  |TAMS 0x0000000703400000, 0x0000000703400000| Untracked 
|  20|0x0000000703600000, 0x0000000703600000, 0x0000000703800000|  0%| F|  |TAMS 0x0000000703600000, 0x0000000703600000| Untracked 
|  21|0x0000000703800000, 0x0000000703800000, 0x0000000703a00000|  0%| F|  |TAMS 0x0000000703800000, 0x0000000703800000| Untracked 
|  22|0x0000000703a00000, 0x0000000703a00000, 0x0000000703c00000|  0%| F|  |TAMS 0x0000000703a00000, 0x0000000703a00000| Untracked 
|  23|0x0000000703c00000, 0x0000000703c00000, 0x0000000703e00000|  0%| F|  |TAMS 0x0000000703c00000, 0x0000000703c00000| Untracked 
|  24|0x0000000703e00000, 0x0000000703e00000, 0x0000000704000000|  0%| F|  |TAMS 0x0000000703e00000, 0x0000000703e00000| Untracked 
|  25|0x0000000704000000, 0x0000000704000000, 0x0000000704200000|  0%| F|  |TAMS 0x0000000704000000, 0x0000000704000000| Untracked 
|  26|0x0000000704200000, 0x0000000704200000, 0x0000000704400000|  0%| F|  |TAMS 0x0000000704200000, 0x0000000704200000| Untracked 
|  27|0x0000000704400000, 0x0000000704400000, 0x0000000704600000|  0%| F|  |TAMS 0x0000000704400000, 0x0000000704400000| Untracked 
|  28|0x0000000704600000, 0x0000000704600000, 0x0000000704800000|  0%| F|  |TAMS 0x0000000704600000, 0x0000000704600000| Untracked 
|  29|0x0000000704800000, 0x0000000704800000, 0x0000000704a00000|  0%| F|  |TAMS 0x0000000704800000, 0x0000000704800000| Untracked 
|  30|0x0000000704a00000, 0x0000000704a00000, 0x0000000704c00000|  0%| F|  |TAMS 0x0000000704a00000, 0x0000000704a00000| Untracked 
|  31|0x0000000704c00000, 0x0000000704c00000, 0x0000000704e00000|  0%| F|  |TAMS 0x0000000704c00000, 0x0000000704c00000| Untracked 
|  32|0x0000000704e00000, 0x0000000704e00000, 0x0000000705000000|  0%| F|  |TAMS 0x0000000704e00000, 0x0000000704e00000| Untracked 
|  33|0x0000000705000000, 0x0000000705000000, 0x0000000705200000|  0%| F|  |TAMS 0x0000000705000000, 0x0000000705000000| Untracked 
|  34|0x0000000705200000, 0x0000000705200000, 0x0000000705400000|  0%| F|  |TAMS 0x0000000705200000, 0x0000000705200000| Untracked 
|  35|0x0000000705400000, 0x0000000705400000, 0x0000000705600000|  0%| F|  |TAMS 0x0000000705400000, 0x0000000705400000| Untracked 
|  36|0x0000000705600000, 0x0000000705600000, 0x0000000705800000|  0%| F|  |TAMS 0x0000000705600000, 0x0000000705600000| Untracked 
|  37|0x0000000705800000, 0x0000000705800000, 0x0000000705a00000|  0%| F|  |TAMS 0x0000000705800000, 0x0000000705800000| Untracked 
|  38|0x0000000705a00000, 0x0000000705a00000, 0x0000000705c00000|  0%| F|  |TAMS 0x0000000705a00000, 0x0000000705a00000| Untracked 
|  39|0x0000000705c00000, 0x0000000705c00000, 0x0000000705e00000|  0%| F|  |TAMS 0x0000000705c00000, 0x0000000705c00000| Untracked 
|  40|0x0000000705e00000, 0x0000000705e00000, 0x0000000706000000|  0%| F|  |TAMS 0x0000000705e00000, 0x0000000705e00000| Untracked 
|  41|0x0000000706000000, 0x0000000706000000, 0x0000000706200000|  0%| F|  |TAMS 0x0000000706000000, 0x0000000706000000| Untracked 
|  42|0x0000000706200000, 0x0000000706200000, 0x0000000706400000|  0%| F|  |TAMS 0x0000000706200000, 0x0000000706200000| Untracked 
|  43|0x0000000706400000, 0x0000000706400000, 0x0000000706600000|  0%| F|  |TAMS 0x0000000706400000, 0x0000000706400000| Untracked 
|  44|0x0000000706600000, 0x0000000706600000, 0x0000000706800000|  0%| F|  |TAMS 0x0000000706600000, 0x0000000706600000| Untracked 
|  45|0x0000000706800000, 0x0000000706800000, 0x0000000706a00000|  0%| F|  |TAMS 0x0000000706800000, 0x0000000706800000| Untracked 
|  46|0x0000000706a00000, 0x0000000706a00000, 0x0000000706c00000|  0%| F|  |TAMS 0x0000000706a00000, 0x0000000706a00000| Untracked 
|  47|0x0000000706c00000, 0x0000000706c00000, 0x0000000706e00000|  0%| F|  |TAMS 0x0000000706c00000, 0x0000000706c00000| Untracked 
|  48|0x0000000706e00000, 0x0000000706e00000, 0x0000000707000000|  0%| F|  |TAMS 0x0000000706e00000, 0x0000000706e00000| Untracked 
|  49|0x0000000707000000, 0x0000000707000000, 0x0000000707200000|  0%| F|  |TAMS 0x0000000707000000, 0x0000000707000000| Untracked 
|  50|0x0000000707200000, 0x0000000707200000, 0x0000000707400000|  0%| F|  |TAMS 0x0000000707200000, 0x0000000707200000| Untracked 
|  51|0x0000000707400000, 0x0000000707400000, 0x0000000707600000|  0%| F|  |TAMS 0x0000000707400000, 0x0000000707400000| Untracked 
|  52|0x0000000707600000, 0x0000000707600000, 0x0000000707800000|  0%| F|  |TAMS 0x0000000707600000, 0x0000000707600000| Untracked 
|  53|0x0000000707800000, 0x0000000707800000, 0x0000000707a00000|  0%| F|  |TAMS 0x0000000707800000, 0x0000000707800000| Untracked 
|  54|0x0000000707a00000, 0x0000000707a00000, 0x0000000707c00000|  0%| F|  |TAMS 0x0000000707a00000, 0x0000000707a00000| Untracked 
|  55|0x0000000707c00000, 0x0000000707c00000, 0x0000000707e00000|  0%| F|  |TAMS 0x0000000707c00000, 0x0000000707c00000| Untracked 
|  56|0x0000000707e00000, 0x0000000707e00000, 0x0000000708000000|  0%| F|  |TAMS 0x0000000707e00000, 0x0000000707e00000| Untracked 
|  57|0x0000000708000000, 0x0000000708000000, 0x0000000708200000|  0%| F|  |TAMS 0x0000000708000000, 0x0000000708000000| Untracked 
|  58|0x0000000708200000, 0x0000000708200000, 0x0000000708400000|  0%| F|  |TAMS 0x0000000708200000, 0x0000000708200000| Untracked 
|  59|0x0000000708400000, 0x0000000708400000, 0x0000000708600000|  0%| F|  |TAMS 0x0000000708400000, 0x0000000708400000| Untracked 
|  60|0x0000000708600000, 0x0000000708600000, 0x0000000708800000|  0%| F|  |TAMS 0x0000000708600000, 0x0000000708600000| Untracked 
|  61|0x0000000708800000, 0x0000000708800000, 0x0000000708a00000|  0%| F|  |TAMS 0x0000000708800000, 0x0000000708800000| Untracked 
|  62|0x0000000708a00000, 0x0000000708a00000, 0x0000000708c00000|  0%| F|  |TAMS 0x0000000708a00000, 0x0000000708a00000| Untracked 
|  63|0x0000000708c00000, 0x0000000708c00000, 0x0000000708e00000|  0%| F|  |TAMS 0x0000000708c00000, 0x0000000708c00000| Untracked 
|  64|0x0000000708e00000, 0x0000000708e00000, 0x0000000709000000|  0%| F|  |TAMS 0x0000000708e00000, 0x0000000708e00000| Untracked 
|  65|0x0000000709000000, 0x0000000709000000, 0x0000000709200000|  0%| F|  |TAMS 0x0000000709000000, 0x0000000709000000| Untracked 
|  66|0x0000000709200000, 0x0000000709200000, 0x0000000709400000|  0%| F|  |TAMS 0x0000000709200000, 0x0000000709200000| Untracked 
|  67|0x0000000709400000, 0x0000000709400000, 0x0000000709600000|  0%| F|  |TAMS 0x0000000709400000, 0x0000000709400000| Untracked 
|  68|0x0000000709600000, 0x0000000709600000, 0x0000000709800000|  0%| F|  |TAMS 0x0000000709600000, 0x0000000709600000| Untracked 
|  69|0x0000000709800000, 0x0000000709800000, 0x0000000709a00000|  0%| F|  |TAMS 0x0000000709800000, 0x0000000709800000| Untracked 
|  70|0x0000000709a00000, 0x0000000709a00000, 0x0000000709c00000|  0%| F|  |TAMS 0x0000000709a00000, 0x0000000709a00000| Untracked 
|  71|0x0000000709c00000, 0x0000000709c00000, 0x0000000709e00000|  0%| F|  |TAMS 0x0000000709c00000, 0x0000000709c00000| Untracked 
|  72|0x0000000709e00000, 0x0000000709e00000, 0x000000070a000000|  0%| F|  |TAMS 0x0000000709e00000, 0x0000000709e00000| Untracked 
|  73|0x000000070a000000, 0x000000070a000000, 0x000000070a200000|  0%| F|  |TAMS 0x000000070a000000, 0x000000070a000000| Untracked 
|  74|0x000000070a200000, 0x000000070a200000, 0x000000070a400000|  0%| F|  |TAMS 0x000000070a200000, 0x000000070a200000| Untracked 
|  75|0x000000070a400000, 0x000000070a400000, 0x000000070a600000|  0%| F|  |TAMS 0x000000070a400000, 0x000000070a400000| Untracked 
|  76|0x000000070a600000, 0x000000070a600000, 0x000000070a800000|  0%| F|  |TAMS 0x000000070a600000, 0x000000070a600000| Untracked 
|  77|0x000000070a800000, 0x000000070a800000, 0x000000070aa00000|  0%| F|  |TAMS 0x000000070a800000, 0x000000070a800000| Untracked 
|  78|0x000000070aa00000, 0x000000070aa00000, 0x000000070ac00000|  0%| F|  |TAMS 0x000000070aa00000, 0x000000070aa00000| Untracked 
|  79|0x000000070ac00000, 0x000000070ac00000, 0x000000070ae00000|  0%| F|  |TAMS 0x000000070ac00000, 0x000000070ac00000| Untracked 
|  80|0x000000070ae00000, 0x000000070ae00000, 0x000000070b000000|  0%| F|  |TAMS 0x000000070ae00000, 0x000000070ae00000| Untracked 
|  81|0x000000070b000000, 0x000000070b000000, 0x000000070b200000|  0%| F|  |TAMS 0x000000070b000000, 0x000000070b000000| Untracked 
|  82|0x000000070b200000, 0x000000070b200000, 0x000000070b400000|  0%| F|  |TAMS 0x000000070b200000, 0x000000070b200000| Untracked 
|  83|0x000000070b400000, 0x000000070b400000, 0x000000070b600000|  0%| F|  |TAMS 0x000000070b400000, 0x000000070b400000| Untracked 
|  84|0x000000070b600000, 0x000000070b600000, 0x000000070b800000|  0%| F|  |TAMS 0x000000070b600000, 0x000000070b600000| Untracked 
|  85|0x000000070b800000, 0x000000070b800000, 0x000000070ba00000|  0%| F|  |TAMS 0x000000070b800000, 0x000000070b800000| Untracked 
|  86|0x000000070ba00000, 0x000000070ba00000, 0x000000070bc00000|  0%| F|  |TAMS 0x000000070ba00000, 0x000000070ba00000| Untracked 
|  87|0x000000070bc00000, 0x000000070bc00000, 0x000000070be00000|  0%| F|  |TAMS 0x000000070bc00000, 0x000000070bc00000| Untracked 
|  88|0x000000070be00000, 0x000000070be00000, 0x000000070c000000|  0%| F|  |TAMS 0x000000070be00000, 0x000000070be00000| Untracked 
|  89|0x000000070c000000, 0x000000070c000000, 0x000000070c200000|  0%| F|  |TAMS 0x000000070c000000, 0x000000070c000000| Untracked 
|  90|0x000000070c200000, 0x000000070c200000, 0x000000070c400000|  0%| F|  |TAMS 0x000000070c200000, 0x000000070c200000| Untracked 
|  91|0x000000070c400000, 0x000000070c400000, 0x000000070c600000|  0%| F|  |TAMS 0x000000070c400000, 0x000000070c400000| Untracked 
|  92|0x000000070c600000, 0x000000070c600000, 0x000000070c800000|  0%| F|  |TAMS 0x000000070c600000, 0x000000070c600000| Untracked 
|  93|0x000000070c800000, 0x000000070c800000, 0x000000070ca00000|  0%| F|  |TAMS 0x000000070c800000, 0x000000070c800000| Untracked 
|  94|0x000000070ca00000, 0x000000070ca00000, 0x000000070cc00000|  0%| F|  |TAMS 0x000000070ca00000, 0x000000070ca00000| Untracked 
|  95|0x000000070cc00000, 0x000000070cc00000, 0x000000070ce00000|  0%| F|  |TAMS 0x000000070cc00000, 0x000000070cc00000| Untracked 
|  96|0x000000070ce00000, 0x000000070ce00000, 0x000000070d000000|  0%| F|  |TAMS 0x000000070ce00000, 0x000000070ce00000| Untracked 
|  97|0x000000070d000000, 0x000000070d000000, 0x000000070d200000|  0%| F|  |TAMS 0x000000070d000000, 0x000000070d000000| Untracked 
|  98|0x000000070d200000, 0x000000070d200000, 0x000000070d400000|  0%| F|  |TAMS 0x000000070d200000, 0x000000070d200000| Untracked 
|  99|0x000000070d400000, 0x000000070d400000, 0x000000070d600000|  0%| F|  |TAMS 0x000000070d400000, 0x000000070d400000| Untracked 
| 100|0x000000070d600000, 0x000000070d600000, 0x000000070d800000|  0%| F|  |TAMS 0x000000070d600000, 0x000000070d600000| Untracked 
| 101|0x000000070d800000, 0x000000070d800000, 0x000000070da00000|  0%| F|  |TAMS 0x000000070d800000, 0x000000070d800000| Untracked 
| 102|0x000000070da00000, 0x000000070da00000, 0x000000070dc00000|  0%| F|  |TAMS 0x000000070da00000, 0x000000070da00000| Untracked 
| 103|0x000000070dc00000, 0x000000070dc00000, 0x000000070de00000|  0%| F|  |TAMS 0x000000070dc00000, 0x000000070dc00000| Untracked 
| 104|0x000000070de00000, 0x000000070de00000, 0x000000070e000000|  0%| F|  |TAMS 0x000000070de00000, 0x000000070de00000| Untracked 
| 105|0x000000070e000000, 0x000000070e000000, 0x000000070e200000|  0%| F|  |TAMS 0x000000070e000000, 0x000000070e000000| Untracked 
| 106|0x000000070e200000, 0x000000070e200000, 0x000000070e400000|  0%| F|  |TAMS 0x000000070e200000, 0x000000070e200000| Untracked 
| 107|0x000000070e400000, 0x000000070e400000, 0x000000070e600000|  0%| F|  |TAMS 0x000000070e400000, 0x000000070e400000| Untracked 
| 108|0x000000070e600000, 0x000000070e600000, 0x000000070e800000|  0%| F|  |TAMS 0x000000070e600000, 0x000000070e600000| Untracked 
| 109|0x000000070e800000, 0x000000070e800000, 0x000000070ea00000|  0%| F|  |TAMS 0x000000070e800000, 0x000000070e800000| Untracked 
| 110|0x000000070ea00000, 0x000000070ea00000, 0x000000070ec00000|  0%| F|  |TAMS 0x000000070ea00000, 0x000000070ea00000| Untracked 
| 111|0x000000070ec00000, 0x000000070ec00000, 0x000000070ee00000|  0%| F|  |TAMS 0x000000070ec00000, 0x000000070ec00000| Untracked 
| 112|0x000000070ee00000, 0x000000070ee00000, 0x000000070f000000|  0%| F|  |TAMS 0x000000070ee00000, 0x000000070ee00000| Untracked 
| 113|0x000000070f000000, 0x000000070f000000, 0x000000070f200000|  0%| F|  |TAMS 0x000000070f000000, 0x000000070f000000| Untracked 
| 114|0x000000070f200000, 0x000000070f200000, 0x000000070f400000|  0%| F|  |TAMS 0x000000070f200000, 0x000000070f200000| Untracked 
| 115|0x000000070f400000, 0x000000070f600000, 0x000000070f600000|100%| S|CS|TAMS 0x000000070f400000, 0x000000070f400000| Complete 
| 116|0x000000070f600000, 0x000000070f800000, 0x000000070f800000|100%| S|CS|TAMS 0x000000070f600000, 0x000000070f600000| Complete 
| 117|0x000000070f800000, 0x000000070f800000, 0x000000070fa00000|  0%| F|  |TAMS 0x000000070f800000, 0x000000070f800000| Untracked 
| 118|0x000000070fa00000, 0x000000070fa00000, 0x000000070fc00000|  0%| F|  |TAMS 0x000000070fa00000, 0x000000070fa00000| Untracked 
| 119|0x000000070fc00000, 0x000000070fc00000, 0x000000070fe00000|  0%| F|  |TAMS 0x000000070fc00000, 0x000000070fc00000| Untracked 
| 120|0x000000070fe00000, 0x000000070fe00000, 0x0000000710000000|  0%| F|  |TAMS 0x000000070fe00000, 0x000000070fe00000| Untracked 
| 121|0x0000000710000000, 0x000000071016d690, 0x0000000710200000| 71%| E|  |TAMS 0x0000000710000000, 0x0000000710000000| Complete 
| 122|0x0000000710200000, 0x0000000710400000, 0x0000000710400000|100%| E|CS|TAMS 0x0000000710200000, 0x0000000710200000| Complete 
| 123|0x0000000710400000, 0x0000000710600000, 0x0000000710600000|100%| E|CS|TAMS 0x0000000710400000, 0x0000000710400000| Complete 
| 124|0x0000000710600000, 0x0000000710800000, 0x0000000710800000|100%| E|CS|TAMS 0x0000000710600000, 0x0000000710600000| Complete 
| 125|0x0000000710800000, 0x0000000710a00000, 0x0000000710a00000|100%| E|CS|TAMS 0x0000000710800000, 0x0000000710800000| Complete 
| 126|0x0000000710a00000, 0x0000000710c00000, 0x0000000710c00000|100%| E|CS|TAMS 0x0000000710a00000, 0x0000000710a00000| Complete 
| 127|0x0000000710c00000, 0x0000000710e00000, 0x0000000710e00000|100%| E|CS|TAMS 0x0000000710c00000, 0x0000000710c00000| Complete 

Card table byte_map: [0x000001be20850000,0x000001be21050000] _byte_map_base: 0x000001be1d049000

Marking Bits (Prev, Next): (CMBitMap*) 0x000001be09283d50, (CMBitMap*) 0x000001be09283d90
 Prev Bits: [0x000001be21850000, 0x000001be25818000)
 Next Bits: [0x000001be25820000, 0x000001be297e8000)

Polling page: 0x000001be089d0000

Metaspace:

Usage:
  Non-class:      7.97 MB used.
      Class:      1.11 MB used.
       Both:      9.08 MB used.

Virtual space:
  Non-class space:       64.00 MB reserved,       8.06 MB ( 13%) committed,  1 nodes.
      Class space:        1.00 GB reserved,       1.19 MB ( <1%) committed,  1 nodes.
             Both:        1.06 GB reserved,       9.25 MB ( <1%) committed. 

Chunk freelists:
   Non-Class:  6.98 MB
       Class:  14.64 MB
        Both:  21.62 MB

MaxMetaspaceSize: unlimited
CompressedClassSpaceSize: 1.00 GB
Initial GC threshold: 21.00 MB
Current GC threshold: 21.00 MB
CDS: on
MetaspaceReclaimPolicy: balanced
 - commit_granule_bytes: 65536.
 - commit_granule_words: 8192.
 - virtual_space_node_default_size: 8388608.
 - enlarge_chunks_in_place: 1.
 - new_chunks_are_fully_committed: 0.
 - uncommit_free_chunks: 1.
 - use_allocation_guard: 0.
 - handle_deallocations: 1.


Internal statistics:

num_allocs_failed_limit: 0.
num_arena_births: 176.
num_arena_deaths: 0.
num_vsnodes_births: 2.
num_vsnodes_deaths: 0.
num_space_committed: 148.
num_space_uncommitted: 0.
num_chunks_returned_to_freelist: 0.
num_chunks_taken_from_freelist: 455.
num_chunk_merges: 0.
num_chunk_splits: 300.
num_chunks_enlarged: 231.
num_inconsistent_stats: 0.

CodeHeap 'non-profiled nmethods': size=120000Kb used=496Kb max_used=496Kb free=119503Kb
 bounds [0x000001be187f0000, 0x000001be18a60000, 0x000001be1fd20000]
CodeHeap 'profiled nmethods': size=120000Kb used=2597Kb max_used=2597Kb free=117402Kb
 bounds [0x000001be10d20000, 0x000001be10fb0000, 0x000001be18250000]
CodeHeap 'non-nmethods': size=5760Kb used=1156Kb max_used=1186Kb free=4603Kb
 bounds [0x000001be18250000, 0x000001be184c0000, 0x000001be187f0000]
 total_blobs=1907 nmethods=1459 adapters=361
 compilation: enabled
              stopped_count=0, restarted_count=0
 full_count=0

Compilation events (20 events):
Event: 0.966 Thread 0x000001be2c32e820 1450       3       jdk.internal.module.Builder::newExports (11 bytes)
Event: 0.966 Thread 0x000001be2c32e820 nmethod 1450 0x000001be10fa6390 code [0x000001be10fa6540, 0x000001be10fa6688]
Event: 0.966 Thread 0x000001be2c32e820 1453       3       java.util.ImmutableCollections$SetN::<init> (90 bytes)
Event: 0.967 Thread 0x000001be2c32e820 nmethod 1453 0x000001be10fa6710 code [0x000001be10fa69c0, 0x000001be10fa77b8]
Event: 0.967 Thread 0x000001be2c32e820 1451       3       java.lang.module.ModuleDescriptor$1::newExports (14 bytes)
Event: 0.967 Thread 0x000001be2c32e820 nmethod 1451 0x000001be10fa7c90 code [0x000001be10fa7e40, 0x000001be10fa81f8]
Event: 0.967 Thread 0x000001be2c32e820 1454       3       java.util.ImmutableCollections$Set12::hashCode (30 bytes)
Event: 0.967 Thread 0x000001be2c32e820 nmethod 1454 0x000001be10fa8310 code [0x000001be10fa84c0, 0x000001be10fa87d8]
Event: 0.967 Thread 0x000001be2c32e820 1455       3       java.net.URI::toLower (19 bytes)
Event: 0.967 Thread 0x000001be2c32e820 nmethod 1455 0x000001be10fa8910 code [0x000001be10fa8aa0, 0x000001be10fa8c38]
Event: 0.968 Thread 0x000001be2c32e820 1456       3       java.util.stream.ReferencePipeline$3$1::accept (23 bytes)
Event: 0.968 Thread 0x000001be2c32e820 nmethod 1456 0x000001be10fa8d10 code [0x000001be10fa8ec0, 0x000001be10fa9178]
Event: 0.969 Thread 0x000001be2c32e820 1458       3       java.lang.invoke.LambdaForm::returnType (26 bytes)
Event: 0.969 Thread 0x000001be2c32e820 nmethod 1458 0x000001be10fa9290 code [0x000001be10fa9440, 0x000001be10fa95f8]
Event: 0.975 Thread 0x000001be2c464050 1459       4       java.lang.String::getBytes (44 bytes)
Event: 0.976 Thread 0x000001be2c464050 nmethod 1459 0x000001be1886b810 code [0x000001be1886b980, 0x000001be1886bad8]
Event: 0.981 Thread 0x000001be2c464050 1460       4       jdk.internal.loader.URLClassPath::getResource (74 bytes)
Event: 0.988 Thread 0x000001be2c32d5d0 1461       4       java.lang.StringConcatHelper::prepend (37 bytes)
Event: 0.989 Thread 0x000001be2c32d5d0 nmethod 1461 0x000001be1886bc10 code [0x000001be1886bda0, 0x000001be1886bf38]
Event: 0.990 Thread 0x000001be2c32d5d0 1462   !   4       java.net.URL::<init> (543 bytes)

GC Heap History (2 events):
Event: 0.741 GC heap before
{Heap before GC invocations=0 (full 0):
 garbage-first heap   total 262144K, used 22528K [0x0000000700e00000, 0x0000000800000000)
  region size 2048K, 11 young (22528K), 0 survivors (0K)
 Metaspace       used 6317K, committed 6528K, reserved 1114112K
  class space    used 751K, committed 832K, reserved 1048576K
}
Event: 0.745 GC heap after
{Heap after GC invocations=1 (full 0):
 garbage-first heap   total 262144K, used 4579K [0x0000000700e00000, 0x0000000800000000)
  region size 2048K, 2 young (4096K), 2 survivors (4096K)
 Metaspace       used 6317K, committed 6528K, reserved 1114112K
  class space    used 751K, committed 832K, reserved 1048576K
}

Dll operation events (9 events):
Event: 0.017 Loaded shared library C:\Users\SCY\.jdks\corretto-17.0.9\bin\java.dll
Event: 0.042 Loaded shared library C:\Users\SCY\.jdks\corretto-17.0.9\bin\jsvml.dll
Event: 0.134 Loaded shared library C:\Users\SCY\.jdks\corretto-17.0.9\bin\zip.dll
Event: 0.139 Loaded shared library C:\Users\SCY\.jdks\corretto-17.0.9\bin\instrument.dll
Event: 0.146 Loaded shared library C:\Users\SCY\.jdks\corretto-17.0.9\bin\net.dll
Event: 0.149 Loaded shared library C:\Users\SCY\.jdks\corretto-17.0.9\bin\nio.dll
Event: 0.151 Loaded shared library C:\Users\SCY\.jdks\corretto-17.0.9\bin\zip.dll
Event: 0.212 Loaded shared library C:\Program Files\JetBrains\IntelliJ IDEA Educational Edition 2022.2.2\bin\breakgen64.dll
Event: 0.259 Loaded shared library C:\Users\SCY\.jdks\corretto-17.0.9\bin\jimage.dll

Deoptimization events (20 events):
Event: 0.596 Thread 0x000001be092158f0 DEOPT PACKING pc=0x000001be10e039d6 sp=0x000000a4708faac0
Event: 0.596 Thread 0x000001be092158f0 DEOPT UNPACKING pc=0x000001be182a7143 sp=0x000000a4708f9f48 mode 0
Event: 0.650 Thread 0x000001be092158f0 DEOPT PACKING pc=0x000001be10e039d6 sp=0x000000a4708fde30
Event: 0.650 Thread 0x000001be092158f0 DEOPT UNPACKING pc=0x000001be182a7143 sp=0x000000a4708fd2b8 mode 0
Event: 0.860 Thread 0x000001be092158f0 Uncommon trap: trap_request=0xffffffde fr.pc=0x000001be18863cc8 relative=0x0000000000000128
Event: 0.860 Thread 0x000001be092158f0 Uncommon trap: reason=class_check action=maybe_recompile pc=0x000001be18863cc8 method=jdk.internal.misc.Unsafe.allocateUninitializedArray(Ljava/lang/Class;I)Ljava/lang/Object; @ 51 c2
Event: 0.860 Thread 0x000001be092158f0 DEOPT PACKING pc=0x000001be18863cc8 sp=0x000000a4708fdc80
Event: 0.860 Thread 0x000001be092158f0 DEOPT UNPACKING pc=0x000001be182a69a3 sp=0x000000a4708fdc08 mode 2
Event: 0.860 Thread 0x000001be092158f0 Uncommon trap: trap_request=0xffffffde fr.pc=0x000001be18863cc8 relative=0x0000000000000128
Event: 0.860 Thread 0x000001be092158f0 Uncommon trap: reason=class_check action=maybe_recompile pc=0x000001be18863cc8 method=jdk.internal.misc.Unsafe.allocateUninitializedArray(Ljava/lang/Class;I)Ljava/lang/Object; @ 51 c2
Event: 0.860 Thread 0x000001be092158f0 DEOPT PACKING pc=0x000001be18863cc8 sp=0x000000a4708fdc00
Event: 0.860 Thread 0x000001be092158f0 DEOPT UNPACKING pc=0x000001be182a69a3 sp=0x000000a4708fdb88 mode 2
Event: 0.861 Thread 0x000001be092158f0 Uncommon trap: trap_request=0xffffffde fr.pc=0x000001be18863cc8 relative=0x0000000000000128
Event: 0.861 Thread 0x000001be092158f0 Uncommon trap: reason=class_check action=maybe_recompile pc=0x000001be18863cc8 method=jdk.internal.misc.Unsafe.allocateUninitializedArray(Ljava/lang/Class;I)Ljava/lang/Object; @ 51 c2
Event: 0.861 Thread 0x000001be092158f0 DEOPT PACKING pc=0x000001be18863cc8 sp=0x000000a4708fdbf0
Event: 0.861 Thread 0x000001be092158f0 DEOPT UNPACKING pc=0x000001be182a69a3 sp=0x000000a4708fdb78 mode 2
Event: 0.861 Thread 0x000001be092158f0 Uncommon trap: trap_request=0xffffffde fr.pc=0x000001be18863cc8 relative=0x0000000000000128
Event: 0.861 Thread 0x000001be092158f0 Uncommon trap: reason=class_check action=maybe_recompile pc=0x000001be18863cc8 method=jdk.internal.misc.Unsafe.allocateUninitializedArray(Ljava/lang/Class;I)Ljava/lang/Object; @ 51 c2
Event: 0.861 Thread 0x000001be092158f0 DEOPT PACKING pc=0x000001be18863cc8 sp=0x000000a4708fdb90
Event: 0.861 Thread 0x000001be092158f0 DEOPT UNPACKING pc=0x000001be182a69a3 sp=0x000000a4708fdb18 mode 2

Classes unloaded (0 events):
No events

Classes redefined (0 events):
No events

Internal exceptions (20 events):
Event: 0.753 Thread 0x000001be092158f0 Exception <a 'java/lang/NoSuchMethodError'{0x0000000710c4af90}: 'java.lang.Object java.lang.invoke.DirectMethodHandle$Holder.newInvokeSpecial(java.lang.Object, java.lang.Object, java.lang.Object, java.lang.Object, java.lang.Object, java.lang.Object, int)'> (0x0000000710c4af90) 
thrown [s\src\hotspot\share\interpreter\linkResolver.cpp, line 759]
Event: 0.753 Thread 0x000001be092158f0 Exception <a 'java/lang/NoSuchMethodError'{0x0000000710c4ffd0}: 'java.lang.Object java.lang.invoke.DirectMethodHandle$Holder.invokeSpecial(java.lang.Object, java.lang.Object, java.lang.Object, java.lang.Object, java.lang.Object, java.lang.Object, java.lang.Object, int)'> (0x0000000710c4ffd0) 
thrown [s\src\hotspot\share\interpreter\linkResolver.cpp, line 759]
Event: 0.790 Thread 0x000001be092158f0 Exception <a 'java/lang/NoSuchMethodError'{0x0000000710d8b6e8}: 'int java.lang.invoke.DirectMethodHandle$Holder.invokeInterface(java.lang.Object, java.lang.Object)'> (0x0000000710d8b6e8) 
thrown [s\src\hotspot\share\interpreter\linkResolver.cpp, line 759]
Event: 0.808 Thread 0x000001be092158f0 Exception <a 'java/lang/NoSuchMethodError'{0x0000000710a54688}: 'java.lang.Object java.lang.invoke.DirectMethodHandle$Holder.invokeSpecial(java.lang.Object, java.lang.Object, java.lang.Object, int, java.lang.Object)'> (0x0000000710a54688) 
thrown [s\src\hotspot\share\interpreter\linkResolver.cpp, line 759]
Event: 0.809 Thread 0x000001be092158f0 Exception <a 'java/lang/NoSuchMethodError'{0x0000000710a5cce8}: 'java.lang.Object java.lang.invoke.DirectMethodHandle$Holder.newInvokeSpecial(java.lang.Object, java.lang.Object, java.lang.Object, int, java.lang.Object)'> (0x0000000710a5cce8) 
thrown [s\src\hotspot\share\interpreter\linkResolver.cpp, line 759]
Event: 0.809 Thread 0x000001be092158f0 Exception <a 'java/lang/NoSuchMethodError'{0x0000000710a646b8}: 'java.lang.Object java.lang.invoke.Invokers$Holder.linkToTargetMethod(java.lang.Object, java.lang.Object, int, java.lang.Object, java.lang.Object)'> (0x0000000710a646b8) 
thrown [s\src\hotspot\share\interpreter\linkResolver.cpp, line 759]
Event: 0.812 Thread 0x000001be092158f0 Exception <a 'java/lang/NoSuchMethodError'{0x0000000710a79da0}: 'java.lang.Object java.lang.invoke.DirectMethodHandle$Holder.newInvokeSpecial(java.lang.Object, int, java.lang.Object)'> (0x0000000710a79da0) 
thrown [s\src\hotspot\share\interpreter\linkResolver.cpp, line 759]
Event: 0.813 Thread 0x000001be092158f0 Exception <a 'java/lang/NoSuchMethodError'{0x0000000710a7eb08}: 'int java.lang.invoke.DirectMethodHandle$Holder.invokeSpecialIFC(java.lang.Object, java.lang.Object, java.lang.Object, java.lang.Object)'> (0x0000000710a7eb08) 
thrown [s\src\hotspot\share\interpreter\linkResolver.cpp, line 759]
Event: 0.842 Thread 0x000001be092158f0 Exception <a 'java/lang/NoSuchMethodError'{0x0000000710b50d78}: 'void java.lang.invoke.DirectMethodHandle$Holder.invokeInterface(java.lang.Object, java.lang.Object, java.lang.Object)'> (0x0000000710b50d78) 
thrown [s\src\hotspot\share\interpreter\linkResolver.cpp, line 759]
Event: 0.869 Thread 0x000001be092158f0 Exception <a 'java/lang/NoSuchMethodError'{0x0000000710bce590}: 'void java.lang.invoke.DirectMethodHandle$Holder.invokeStaticInit(java.lang.Object, java.lang.Object)'> (0x0000000710bce590) 
thrown [s\src\hotspot\share\interpreter\linkResolver.cpp, line 759]
Event: 0.872 Thread 0x000001be092158f0 Exception <a 'java/lang/NoSuchMethodError'{0x0000000710be1570}: 'void java.lang.invoke.DirectMethodHandle$Holder.invokeStaticInit(java.lang.Object, java.lang.Object, java.lang.Object)'> (0x0000000710be1570) 
thrown [s\src\hotspot\share\interpreter\linkResolver.cpp, line 759]
Event: 0.876 Thread 0x000001be092158f0 Exception <a 'java/lang/NoSuchMethodError'{0x0000000710bfc280}: 'java.lang.Object java.lang.invoke.DirectMethodHandle$Holder.invokeStatic(java.lang.Object, java.lang.Object, long, java.lang.Object)'> (0x0000000710bfc280) 
thrown [s\src\hotspot\share\interpreter\linkResolver.cpp, line 759]
Event: 0.876 Thread 0x000001be092158f0 Exception <a 'java/lang/NoSuchMethodError'{0x0000000710bffd18}: 'java.lang.Object java.lang.invoke.DirectMethodHandle$Holder.invokeStaticInit(java.lang.Object, java.lang.Object, long, java.lang.Object)'> (0x0000000710bffd18) 
thrown [s\src\hotspot\share\interpreter\linkResolver.cpp, line 759]
Event: 0.877 Thread 0x000001be092158f0 Exception <a 'java/lang/NoSuchMethodError'{0x00000007108068f0}: 'java.lang.Object java.lang.invoke.DirectMethodHandle$Holder.newInvokeSpecial(java.lang.Object, java.lang.Object, long)'> (0x00000007108068f0) 
thrown [s\src\hotspot\share\interpreter\linkResolver.cpp, line 759]
Event: 0.877 Thread 0x000001be092158f0 Exception <a 'java/lang/NoSuchMethodError'{0x000000071080a460}: 'java.lang.Object java.lang.invoke.Invokers$Holder.linkToTargetMethod(java.lang.Object, long, java.lang.Object)'> (0x000000071080a460) 
thrown [s\src\hotspot\share\interpreter\linkResolver.cpp, line 759]
Event: 0.888 Thread 0x000001be092158f0 Exception <a 'java/lang/NoSuchMethodError'{0x000000071085a910}: 'void java.lang.invoke.DirectMethodHandle$Holder.invokeSpecial(java.lang.Object, java.lang.Object, java.lang.Object, java.lang.Object, java.lang.Object)'> (0x000000071085a910) 
thrown [s\src\hotspot\share\interpreter\linkResolver.cpp, line 759]
Event: 0.889 Thread 0x000001be092158f0 Exception <a 'java/lang/NoSuchMethodError'{0x0000000710862f28}: 'void java.lang.invoke.DirectMethodHandle$Holder.invokeVirtual(java.lang.Object, java.lang.Object, java.lang.Object, java.lang.Object)'> (0x0000000710862f28) 
thrown [s\src\hotspot\share\interpreter\linkResolver.cpp, line 759]
Event: 0.930 Thread 0x000001be092158f0 Exception <a 'java/lang/NoSuchMethodError'{0x0000000710612810}: 'void java.lang.invoke.DirectMethodHandle$Holder.invokeSpecial(java.lang.Object, java.lang.Object, java.lang.Object)'> (0x0000000710612810) 
thrown [s\src\hotspot\share\interpreter\linkResolver.cpp, line 759]
Event: 0.936 Thread 0x000001be092158f0 Exception <a 'java/lang/IncompatibleClassChangeError'{0x0000000710645658}: Found class java.lang.Object, but interface was expected> (0x0000000710645658) 
thrown [s\src\hotspot\share\interpreter\linkResolver.cpp, line 826]
Event: 0.937 Thread 0x000001be2cdd76f0 Exception <a 'java/lang/NoClassDefFoundError'{0x00000007106a3fc8}: jakarta/validation/Validation> (0x00000007106a3fc8) 
thrown [s\src\hotspot\share\classfile\systemDictionary.cpp, line 245]

VM Operations (14 events):
Event: 0.215 Executing VM operation: HandshakeAllThreads
Event: 0.215 Executing VM operation: HandshakeAllThreads done
Event: 0.262 Executing VM operation: HandshakeAllThreads
Event: 0.262 Executing VM operation: HandshakeAllThreads done
Event: 0.593 Executing VM operation: HandshakeAllThreads
Event: 0.593 Executing VM operation: HandshakeAllThreads done
Event: 0.741 Executing VM operation: G1CollectForAllocation
Event: 0.745 Executing VM operation: G1CollectForAllocation done
Event: 0.805 Executing VM operation: HandshakeAllThreads
Event: 0.805 Executing VM operation: HandshakeAllThreads done
Event: 0.928 Executing VM operation: HandshakeAllThreads
Event: 0.928 Executing VM operation: HandshakeAllThreads done
Event: 0.928 Executing VM operation: HandshakeAllThreads
Event: 0.928 Executing VM operation: HandshakeAllThreads done

Events (20 events):
Event: 0.902 loading class java/util/Vector$Itr done
Event: 0.933 Thread 0x000001be2cdd76f0 Thread added: 0x000001be2cdd76f0
Event: 0.938 loading class java/io/UnsupportedEncodingException
Event: 0.938 loading class java/io/UnsupportedEncodingException done
Event: 0.942 loading class java/io/Console
Event: 0.942 loading class java/io/Console done
Event: 0.942 loading class java/io/Console$2
Event: 0.942 loading class jdk/internal/access/JavaIOAccess
Event: 0.942 loading class jdk/internal/access/JavaIOAccess done
Event: 0.942 loading class java/io/Console$2 done
Event: 0.948 loading class java/lang/StrictMath
Event: 0.948 loading class java/lang/StrictMath done
Event: 0.965 loading class java/util/zip/ZipException
Event: 0.965 loading class java/util/zip/ZipException done
Event: 0.965 loading class java/nio/file/FileSystemNotFoundException
Event: 0.965 loading class java/nio/file/FileSystemNotFoundException done
Event: 0.993 loading class java/io/NotSerializableException
Event: 0.993 loading class java/io/ObjectStreamException
Event: 0.993 loading class java/io/ObjectStreamException done
Event: 0.993 loading class java/io/NotSerializableException done


Dynamic libraries:
0x00007ff69ccb0000 - 0x00007ff69ccbe000 	C:\Users\SCY\.jdks\corretto-17.0.9\bin\java.exe
0x00007fff53340000 - 0x00007fff53549000 	C:\WINDOWS\SYSTEM32\ntdll.dll
0x00007fff51e50000 - 0x00007fff51f0d000 	C:\WINDOWS\System32\KERNEL32.DLL
0x00007fff50b10000 - 0x00007fff50e94000 	C:\WINDOWS\System32\KERNELBASE.dll
0x00007fff51070000 - 0x00007fff51181000 	C:\WINDOWS\System32\ucrtbase.dll
0x00007fff434a0000 - 0x00007fff434b7000 	C:\Users\SCY\.jdks\corretto-17.0.9\bin\jli.dll
0x00007fff434c0000 - 0x00007fff434db000 	C:\Users\SCY\.jdks\corretto-17.0.9\bin\VCRUNTIME140.dll
0x00007fff51b50000 - 0x00007fff51cfd000 	C:\WINDOWS\System32\USER32.dll
0x00007fff509c0000 - 0x00007fff509e6000 	C:\WINDOWS\System32\win32u.dll
0x00007fff42420000 - 0x00007fff426c5000 	C:\WINDOWS\WinSxS\amd64_microsoft.windows.common-controls_6595b64144ccf1df_6.0.22000.120_none_9d947278b86cc467\COMCTL32.dll
0x00007fff52340000 - 0x00007fff5236a000 	C:\WINDOWS\System32\GDI32.dll
0x00007fff51260000 - 0x00007fff51303000 	C:\WINDOWS\System32\msvcrt.dll
0x00007fff509f0000 - 0x00007fff50b0e000 	C:\WINDOWS\System32\gdi32full.dll
0x00007fff50f10000 - 0x00007fff50fad000 	C:\WINDOWS\System32\msvcp_win.dll
0x00007fff51f10000 - 0x00007fff51f41000 	C:\WINDOWS\System32\IMM32.DLL
0x00007fff43590000 - 0x00007fff4359c000 	C:\Users\SCY\.jdks\corretto-17.0.9\bin\vcruntime140_1.dll
0x00007fff1eb80000 - 0x00007fff1ec0d000 	C:\Users\SCY\.jdks\corretto-17.0.9\bin\msvcp140.dll
0x00007ffeb9410000 - 0x00007ffeba071000 	C:\Users\SCY\.jdks\corretto-17.0.9\bin\server\jvm.dll
0x00007fff52070000 - 0x00007fff5211e000 	C:\WINDOWS\System32\ADVAPI32.dll
0x00007fff51fd0000 - 0x00007fff5206e000 	C:\WINDOWS\System32\sechost.dll
0x00007fff51310000 - 0x00007fff51431000 	C:\WINDOWS\System32\RPCRT4.dll
0x00007fff4fce0000 - 0x00007fff4fd2d000 	C:\WINDOWS\SYSTEM32\POWRPROF.dll
0x00007fff4ac90000 - 0x00007fff4acc3000 	C:\WINDOWS\SYSTEM32\WINMM.dll
0x00007fff4d680000 - 0x00007fff4d689000 	C:\WINDOWS\SYSTEM32\WSOCK32.dll
0x00007fff48d50000 - 0x00007fff48d5a000 	C:\WINDOWS\SYSTEM32\VERSION.dll
0x00007fff511f0000 - 0x00007fff5125f000 	C:\WINDOWS\System32\WS2_32.dll
0x00007fff4fb50000 - 0x00007fff4fb63000 	C:\WINDOWS\SYSTEM32\UMPDC.dll
0x00007fff4f840000 - 0x00007fff4f858000 	C:\WINDOWS\SYSTEM32\kernel.appcore.dll
0x00007fff43440000 - 0x00007fff4344a000 	C:\Users\SCY\.jdks\corretto-17.0.9\bin\jimage.dll
0x00007fff46c10000 - 0x00007fff46e31000 	C:\WINDOWS\SYSTEM32\DBGHELP.DLL
0x00007fff3fca0000 - 0x00007fff3fcd1000 	C:\WINDOWS\SYSTEM32\dbgcore.DLL
0x00007fff50940000 - 0x00007fff509bf000 	C:\WINDOWS\System32\bcryptPrimitives.dll
0x00007fff442e0000 - 0x00007fff442ee000 	C:\Users\SCY\.jdks\corretto-17.0.9\bin\instrument.dll
0x00007fff411d0000 - 0x00007fff411f5000 	C:\Users\SCY\.jdks\corretto-17.0.9\bin\java.dll
0x00007fff11ce0000 - 0x00007fff11db7000 	C:\Users\SCY\.jdks\corretto-17.0.9\bin\jsvml.dll
0x00007fff52b30000 - 0x00007fff532f5000 	C:\WINDOWS\System32\SHELL32.dll
0x00007fff4e8a0000 - 0x00007fff4f102000 	C:\WINDOWS\SYSTEM32\windows.storage.dll
0x00007fff515e0000 - 0x00007fff51956000 	C:\WINDOWS\System32\combase.dll
0x00007fff4e730000 - 0x00007fff4e897000 	C:\WINDOWS\SYSTEM32\wintypes.dll
0x00007fff514f0000 - 0x00007fff515da000 	C:\WINDOWS\System32\SHCORE.dll
0x00007fff51190000 - 0x00007fff511ed000 	C:\WINDOWS\System32\shlwapi.dll
0x00007fff50700000 - 0x00007fff50725000 	C:\WINDOWS\SYSTEM32\profapi.dll
0x00007fff36340000 - 0x00007fff36358000 	C:\Users\SCY\.jdks\corretto-17.0.9\bin\zip.dll
0x00007fff43420000 - 0x00007fff43439000 	C:\Users\SCY\.jdks\corretto-17.0.9\bin\net.dll
0x00007fff4ab70000 - 0x00007fff4ac84000 	C:\WINDOWS\SYSTEM32\WINHTTP.dll
0x00007fff4fde0000 - 0x00007fff4fe47000 	C:\WINDOWS\system32\mswsock.dll
0x00007fff40f30000 - 0x00007fff40f46000 	C:\Users\SCY\.jdks\corretto-17.0.9\bin\nio.dll
0x00007fff44050000 - 0x00007fff4406a000 	C:\Program Files\JetBrains\IntelliJ IDEA Educational Edition 2022.2.2\bin\breakgen64.dll

dbghelp: loaded successfully - version: 4.0.5 - missing functions: none
symbol engine: initialized successfully - sym options: 0x614 - pdb path: .;C:\Users\SCY\.jdks\corretto-17.0.9\bin;C:\WINDOWS\SYSTEM32;C:\WINDOWS\WinSxS\amd64_microsoft.windows.common-controls_6595b64144ccf1df_6.0.22000.120_none_9d947278b86cc467;C:\Users\SCY\.jdks\corretto-17.0.9\bin\server;C:\Program Files\JetBrains\IntelliJ IDEA Educational Edition 2022.2.2\bin

VM Arguments:
jvm_args: -javaagent:C:\Program Files\JetBrains\IntelliJ IDEA Educational Edition 2022.2.2\lib\idea_rt.jar=11576:C:\Program Files\JetBrains\IntelliJ IDEA Educational Edition 2022.2.2\bin -Dfile.encoding=UTF-8 
java_command: hello.hellospring.HelloSpringApplication
java_class_path (initial): C:\Users\SCY\Desktop\DEV\spring_prac\hello-spring\hello-spring\out\production\classes;C:\Users\SCY\Desktop\DEV\spring_prac\hello-spring\hello-spring\out\production\resources;C:\Users\SCY\.gradle\caches\modules-2\files-2.1\org.springframework.boot\spring-boot-starter-thymeleaf\3.2.0\aafdb22a1cb8f8f7f38786417a39d56de51213ba\spring-boot-starter-thymeleaf-3.2.0.jar;C:\Users\SCY\.gradle\caches\modules-2\files-2.1\org.springframework.boot\spring-boot-starter-web\3.2.0\e609f839e7c2ff9c90bc75d7c05dbcbb19315319\spring-boot-starter-web-3.2.0.jar;C:\Users\SCY\.gradle\caches\modules-2\files-2.1\org.springframework.boot\spring-boot-starter\3.2.0\4d0cc70617a9febbbc6ad81562e930d93f7b2665\spring-boot-starter-3.2.0.jar;C:\Users\SCY\.gradle\caches\modules-2\files-2.1\org.thymeleaf\thymeleaf-spring6\3.1.2.RELEASE\6030c7b4e260c41336f378e53da6e8531263f24b\thymeleaf-spring6-3.1.2.RELEASE.jar;C:\Users\SCY\.gradle\caches\modules-2\files-2.1\org.springframework.boot\spring-boot-starter-json\3.2.0\e831483c03433b987cc9c72f8ea67757f9865191\spring-boot-starter-json-3.2.0.jar;C:\Users\SCY\.gradle\caches\modules-2\files-2.1\org.springframework.boot\spring-boot-starter-tomcat\3.2.0\fc758099e394fe5646d9e36883fab38da4b26e22\spring-boot-starter-tomcat-3.2.0.jar;C:\Users\SCY\.gradle\caches\modules-2\files-2.1\org.springframework\spring-webmvc\6.1.1\76c4408b67828aa9656f5955dc2c1c4c0e1b6da3\spring-webmvc-6.1.1.jar;C:\Users\SCY\.gradle\caches\modules-2\files-2.1\org.springframework\spring-web\6.1.1\4eeb5f2edb9f04d00357edcc56b59d3874b3b453\spring-web-6.1.1.jar;C:\Users\SCY\.gradle\caches\modules-2\files-2.1\org.springframework.boot\spring-boot-autoconfigure\3.2.0\29b231378146bd6606e75389297f3a7d55476b87\spring-boot-autoconfigure-3.2.0.jar;C:\Users\SCY\.gradle\caches\modules-2\files-2.1\org.springframework.boot\spring-boot\3.2.0\4088ad23df91481bc7415cbfa068c423ccb7e54e\spring-boot-3.2.0.jar;C:\Users\SCY\.gradle\caches\modules-2\files-2.1\org.springframework.boot\spring-boot-sta
Launcher Type: SUN_STANDARD

[Global flags]
     intx CICompilerCount                          = 4                                         {product} {ergonomic}
     uint ConcGCThreads                            = 2                                         {product} {ergonomic}
     uint G1ConcRefinementThreads                  = 8                                         {product} {ergonomic}
   size_t G1HeapRegionSize                         = 2097152                                   {product} {ergonomic}
    uintx GCDrainStackTargetSize                   = 64                                        {product} {ergonomic}
   size_t InitialHeapSize                          = 268435456                                 {product} {ergonomic}
   size_t MarkStackSize                            = 4194304                                   {product} {ergonomic}
   size_t MaxHeapSize                              = 4280287232                                {product} {ergonomic}
   size_t MaxNewSize                               = 2566914048                                {product} {ergonomic}
   size_t MinHeapDeltaBytes                        = 2097152                                   {product} {ergonomic}
   size_t MinHeapSize                              = 8388608                                   {product} {ergonomic}
    uintx NonNMethodCodeHeapSize                   = 5839372                                {pd product} {ergonomic}
    uintx NonProfiledCodeHeapSize                  = 122909434                              {pd product} {ergonomic}
    uintx ProfiledCodeHeapSize                     = 122909434                              {pd product} {ergonomic}
    uintx ReservedCodeCacheSize                    = 251658240                              {pd product} {ergonomic}
     bool SegmentedCodeCache                       = true                                      {product} {ergonomic}
   size_t SoftMaxHeapSize                          = 4280287232                             {manageable} {ergonomic}
     bool UseCompressedClassPointers               = true                           {product lp64_product} {ergonomic}
     bool UseCompressedOops                        = true                           {product lp64_product} {ergonomic}
     bool UseG1GC                                  = true                                      {product} {ergonomic}
     bool UseLargePagesIndividualAllocation        = false                                  {pd product} {ergonomic}

Logging:
Log output configuration:
 #0: stdout all=warning uptime,level,tags
 #1: stderr all=off uptime,level,tags

Environment Variables:
PATH=C:\Program Files\Common Files\Oracle\Java\javapath;C:\WINDOWS\system32;C:\WINDOWS;C:\WINDOWS\System32\Wbem;C:\WINDOWS\System32\WindowsPowerShell\v1.0\;C:\WINDOWS\System32\OpenSSH\;C:\Program Files\dotnet\;C:\Program Files (x86)\NVIDIA Corporation\PhysX\Common;C:\Program Files\NVIDIA Corporation\NVIDIA NvDLISR;C:\Program Files\Git\cmd;C:\Users\SCY\AppData\Roaming\nvm;C:\Program Files\nodejs;C:\Program Files\nodejs\;C:\Program Files\MySQL\MySQL Server 8.0\bin;;C:\Program Files\Docker\Docker\resources\bin;C:\Program Files\Bandizip\;C:\Users\SCY\AppData\Local\Programs\Python\Python310\Scripts\;C:\Users\SCY\AppData\Local\Programs\Python\Python310\;C:\Program Files\MySQL\MySQL Shell 8.0\bin\;C:\Users\SCY\AppData\Local\Microsoft\WindowsApps;C:\Users\SCY\AppData\Local\Programs\Microsoft VS Code\bin;C:\Users\SCY\AppData\Local\GitHubDesktop\bin;C:\Users\SCY\AppData\Roaming\nvm;C:\Program Files\nodejs;C:\Users\SCY\AppData\Roaming\npm;C:\Program Files\JetBrains\IntelliJ IDEA Educational Edition 2022.2.2\bin;
USERNAME=SCY
OS=Windows_NT
PROCESSOR_IDENTIFIER=Intel64 Family 6 Model 94 Stepping 3, GenuineIntel
TMP=C:\Users\SCY\AppData\Local\Temp
TEMP=C:\Users\SCY\AppData\Local\Temp



Periodic native trim disabled


---------------  S Y S T E M  ---------------

OS:
 Windows 11 , 64 bit Build 22000 (10.0.22000.2538)
OS uptime: 11 days 12:54 hours

CPU: total 8 (initial active 8) (4 cores per cpu, 2 threads per core) family 6 model 94 stepping 3 microcode 0xd6, cx8, cmov, fxsr, ht, mmx, 3dnowpref, sse, sse2, sse3, ssse3, sse4.1, sse4.2, popcnt, lzcnt, tsc, tscinvbit, avx, avx2, aes, erms, clmul, bmi1, bmi2, rtm, adx, fma, vzeroupper, clflush, clflushopt
Processor Information for all 8 processors :
  Max Mhz: 3408, Current Mhz: 3408, Mhz Limit: 3408

Memory: 4k page, system-wide physical 16320M (4886M free)
TotalPageFile size 18368M (AvailPageFile size 0M)
current process WorkingSet (physical memory assigned to process): 87M, peak: 87M
current process commit charge ("private bytes"): 364M, peak: 364M

vm_info: OpenJDK 64-Bit Server VM (17.0.9+8-LTS) for windows-amd64 JRE (17.0.9+8-LTS), built on Oct 12 2023 16:15:33 by "Administrator" with MS VC++ 16.10 / 16.11 (VS2019)

END.
